analytics/analytics_feature/build/intermediates/manifest_merge_blame_file/debug/processDebugMainManifest/manifest-merger-blame-debug-report.txt
1<?xml version="1.0" encoding="utf-8"?>
2<manifest xmlns:android="http://schemas.android.com/apk/res/android"
3    xmlns:dist="http://schemas.android.com/apk/distribution"
4    featureSplit="analytics_feature"
5    package="com.plcoding.runique"
6    android:versionCode="1"
7    android:versionName="1.0" >
8
9    <uses-sdk
10        android:minSdkVersion="25"
11        android:targetSdkVersion="25" />
12
13    <dist:module
13-->src/main/AndroidManifest.xml:5:5-12:19
14        dist:instant="false"
14-->src/main/AndroidManifest.xml:6:9-29
15        dist:title="@string/title_analytics_feature" >
15-->src/main/AndroidManifest.xml:7:9-53
16        <dist:delivery>
16-->src/main/AndroidManifest.xml:8:9-10:25
17            <dist:on-demand />
17-->src/main/AndroidManifest.xml:9:13-31
18        </dist:delivery>
19
20        <dist:fusing dist:include="true" />
20-->src/main/AndroidManifest.xml:11:9-44
20-->src/main/AndroidManifest.xml:11:22-41
21    </dist:module>
22
23    <application
23-->src/main/AndroidManifest.xml:14:5-22:19
24        android:debuggable="true"
25        android:extractNativeLibs="false"
26        android:testOnly="true" >
27        <activity
27-->src/main/AndroidManifest.xml:15:9-21:20
28            android:name="com.plcoding.analytics.analytics_feature.AnalyticsActivity"
28-->src/main/AndroidManifest.xml:15:19-52
29            android:exported="true"
29-->src/main/AndroidManifest.xml:16:13-36
30            android:splitName="analytics_feature"
31            android:theme="@style/Theme.Runique" >
31-->src/main/AndroidManifest.xml:17:13-49
32            <intent-filter>
32-->src/main/AndroidManifest.xml:18:13-20:29
33                <action android:name="android.intent.action.VIEW" />
33-->src/main/AndroidManifest.xml:19:17-69
33-->src/main/AndroidManifest.xml:19:25-66
34            </intent-filter>
35        </activity>
36    </application>
37
38</manifest>